<?xml version="1.0" encoding="utf-8"?><testsuites name="pytest tests"><testsuite name="pytest" errors="0" failures="0" skipped="0" tests="9" time="0.823" timestamp="2026-05-15T13:32:21.718307+00:00" hostname="agent-env-a4b11f4f-a3d2-4cd9-86c1-87a29fdd9148"><testcase classname="backend.tests.backend_test.TestRoot" name="test_root" time="0.282" /><testcase classname="backend.tests.backend_test.TestStatus" name="test_create_status" time="0.061" /><testcase classname="backend.tests.backend_test.TestStatus" name="test_get_status" time="0.046" /><testcase classname="backend.tests.backend_test.TestRounds" name="test_submit_round_min" time="0.047" /><testcase classname="backend.tests.backend_test.TestRounds" name="test_submit_round_loss" time="0.051" /><testcase classname="backend.tests.backend_test.TestRounds" name="test_submit_round_win_2" time="0.048" /><testcase classname="backend.tests.backend_test.TestRounds" name="test_submit_invalid_payload" time="0.046" /><testcase classname="backend.tests.backend_test.TestRounds" name="test_leaderboard" time="0.053" /><testcase classname="backend.tests.backend_test.TestRounds" name="test_leaderboard_limit" time="0.048" /></testsuite></testsuites>